<?xml version="1.0" encoding="UTF-8"?>
<!-- Generated by org.testng.reporters.JUnitXMLReporter -->
<testsuite ignored="9" hostname="LTIN188526" failures="1" tests="1" name="SearchFilters(failed)" time="64.654" errors="0" timestamp="2024-03-05T11:27:04 IST">
  <testcase classname="testCases.TC_ScheduleDemoForm" name="validateThankYouMessage" time="0.013">
    <failure type="java.lang.NullPointerException" message="Cannot invoke &amp;quot;pageObjects.ScheduleDemoForm.thankYou()&amp;quot; because &amp;quot;this.sdf&amp;quot; is null">
      <![CDATA[java.lang.NullPointerException: Cannot invoke "pageObjects.ScheduleDemoForm.thankYou()" because "this.sdf" is null
at testCases.TC_ScheduleDemoForm.validateThankYouMessage(TC_ScheduleDemoForm.java:71)
at java.base/java.util.ArrayList.forEach(ArrayList.java:1511)
... Removed 27 stack frames]]>
    </failure>
  </testcase> <!-- validateThankYouMessage -->
  <testcase classname="testCases.TC_ScheduleDemoForm" name="clearEmailId" time="0.0">
    <ignored/>
  </testcase> <!-- clearEmailId -->
  <testcase classname="testCases.TC_ScheduleDemoForm" name="selectHealthandWellnessPlans" time="0.0">
    <ignored/>
  </testcase> <!-- selectHealthandWellnessPlans -->
  <testcase classname="testCases.TC_ScheduleDemoForm" name="validEmailId" time="0.0">
    <ignored/>
  </testcase> <!-- validEmailId -->
  <testcase classname="testCases.TC_ScheduleDemoForm" name="ForCorporatesDrpDown" time="0.0">
    <ignored/>
  </testcase> <!-- ForCorporatesDrpDown -->
  <testcase classname="testCases.TC_ScheduleDemoForm" name="validateScheduleButtonEnabled" time="0.0">
    <ignored/>
  </testcase> <!-- validateScheduleButtonEnabled -->
  <testcase classname="testCases.TC_ScheduleDemoForm" name="printErrorMessage" time="0.0">
    <ignored/>
  </testcase> <!-- printErrorMessage -->
  <testcase classname="testCases.TC_ScheduleDemoForm" name="validatePage" time="0.0">
    <ignored/>
  </testcase> <!-- validatePage -->
  <testcase classname="testCases.TC_ScheduleDemoForm" name="clickScheduleButtonEnabled" time="0.0">
    <ignored/>
  </testcase> <!-- clickScheduleButtonEnabled -->
  <testcase classname="testCases.TC_ScheduleDemoForm" name="inValidDetails" time="0.0">
    <ignored/>
  </testcase> <!-- inValidDetails -->
</testsuite> <!-- SearchFilters(failed) -->
