<?xml version="1.0" encoding="UTF-8"?>
<testng-results ignored="9" total="10" passed="0" failed="1" skipped="0">
  <reporter-output>
  </reporter-output>
  <suite started-at="2024-03-05T11:25:59 IST" name="Failed suite [Suite]" finished-at="2024-03-05T11:27:04 IST" duration-ms="64654">
    <groups>
    </groups>
    <test started-at="2024-03-05T11:25:59 IST" name="SearchFilters(failed)" finished-at="2024-03-05T11:27:04 IST" duration-ms="64654">
      <class name="testCases.TC_ScheduleDemoForm">
        <test-method is-config="true" signature="setup()[pri:0, instance:testCases.TC_ScheduleDemoForm@130c12b7]" started-at="2024-03-05T11:26:00 IST" name="setup" finished-at="2024-03-05T11:27:01 IST" duration-ms="60819" status="PASS">
          <reporter-output>
          </reporter-output>
        </test-method> <!-- setup -->
        <test-method signature="validateThankYouMessage()[pri:10, instance:testCases.TC_ScheduleDemoForm@130c12b7]" started-at="2024-03-05T11:27:01 IST" name="validateThankYouMessage" finished-at="2024-03-05T11:27:01 IST" duration-ms="13" status="FAIL">
          <exception class="java.lang.NullPointerException">
            <message>
              <![CDATA[Cannot invoke "pageObjects.ScheduleDemoForm.thankYou()" because "this.sdf" is null]]>
            </message>
            <full-stacktrace>
              <![CDATA[java.lang.NullPointerException: Cannot invoke "pageObjects.ScheduleDemoForm.thankYou()" because "this.sdf" is null
at testCases.TC_ScheduleDemoForm.validateThankYouMessage(TC_ScheduleDemoForm.java:71)
at java.base/jdk.internal.reflect.NativeMethodAccessorImpl.invoke0(Native Method)
at java.base/jdk.internal.reflect.NativeMethodAccessorImpl.invoke(NativeMethodAccessorImpl.java:77)
at java.base/jdk.internal.reflect.DelegatingMethodAccessorImpl.invoke(DelegatingMethodAccessorImpl.java:43)
at java.base/java.lang.reflect.Method.invoke(Method.java:568)
at org.testng.internal.MethodInvocationHelper.invokeMethod(MethodInvocationHelper.java:133)
at org.testng.internal.TestInvoker.invokeMethod(TestInvoker.java:598)
at org.testng.internal.TestInvoker.invokeTestMethod(TestInvoker.java:173)
at org.testng.internal.MethodRunner.runInSequence(MethodRunner.java:46)
at org.testng.internal.TestInvoker$MethodInvocationAgent.invoke(TestInvoker.java:824)
at org.testng.internal.TestInvoker.invokeTestMethods(TestInvoker.java:146)
at org.testng.internal.TestMethodWorker.invokeTestMethods(TestMethodWorker.java:146)
at org.testng.internal.TestMethodWorker.run(TestMethodWorker.java:128)
at java.base/java.util.ArrayList.forEach(ArrayList.java:1511)
at org.testng.TestRunner.privateRun(TestRunner.java:794)
at org.testng.TestRunner.run(TestRunner.java:596)
at org.testng.SuiteRunner.runTest(SuiteRunner.java:377)
at org.testng.SuiteRunner.runSequentially(SuiteRunner.java:371)
at org.testng.SuiteRunner.privateRun(SuiteRunner.java:332)
at org.testng.SuiteRunner.run(SuiteRunner.java:276)
at org.testng.SuiteRunnerWorker.runSuite(SuiteRunnerWorker.java:53)
at org.testng.SuiteRunnerWorker.run(SuiteRunnerWorker.java:96)
at org.testng.TestNG.runSuitesSequentially(TestNG.java:1212)
at org.testng.TestNG.runSuitesLocally(TestNG.java:1134)
at org.testng.TestNG.runSuites(TestNG.java:1063)
at org.testng.TestNG.run(TestNG.java:1031)
at org.testng.remote.AbstractRemoteTestNG.run(AbstractRemoteTestNG.java:115)
at org.testng.remote.RemoteTestNG.initAndRun(RemoteTestNG.java:251)
at org.testng.remote.RemoteTestNG.main(RemoteTestNG.java:77)
]]>
            </full-stacktrace>
          </exception> <!-- java.lang.NullPointerException -->
          <reporter-output>
          </reporter-output>
        </test-method> <!-- validateThankYouMessage -->
        <test-method is-config="true" signature="tearDown()[pri:0, instance:testCases.TC_ScheduleDemoForm@130c12b7]" started-at="2024-03-05T11:27:02 IST" name="tearDown" finished-at="2024-03-05T11:27:04 IST" duration-ms="2408" status="PASS">
          <reporter-output>
          </reporter-output>
        </test-method> <!-- tearDown -->
      </class> <!-- testCases.TC_ScheduleDemoForm -->
    </test> <!-- SearchFilters(failed) -->
  </suite> <!-- Failed suite [Suite] -->
</testng-results>
